<?xml version="1.0" encoding="UTF-8"?>
<testsuite name="practical1.NumberToolsTest" tests="2" skipped="0" failures="0" errors="0" timestamp="2022-10-01T17:32:18" hostname="IBM-PF3DJANX" time="0.051">
  <properties/>
  <testcase name="testParse" classname="practical1.NumberToolsTest" time="0.015"/>
  <testcase name="testComputeStatistic" classname="practical1.NumberToolsTest" time="0.033"/>
  <system-out><![CDATA[]]></system-out>
  <system-err><![CDATA[]]></system-err>
</testsuite>
