<?xml version="1.0" encoding="UTF-8"?>
<testsuite name="practical1.NumberToolsTest" tests="2" skipped="0" failures="0" errors="0" timestamp="2022-10-01T11:53:38" hostname="IBM-PF3DJANX" time="0.071">
  <properties/>
  <testcase name="testParse" classname="practical1.NumberToolsTest" time="0.021"/>
  <testcase name="testComputeStatistic" classname="practical1.NumberToolsTest" time="0.049"/>
  <system-out><![CDATA[]]></system-out>
  <system-err><![CDATA[]]></system-err>
</testsuite>
